[[INFO]]	--------------------------------
[[INFO]]	Resizing Validation
[[INFO]]	--------------------------------
[[INFO]	[JVM Args Test]	[Xms Check]	[COMPARE]]	$..wlsClusters[?(@.clusterName=UICluster)].Xms([2014]) == fusion.FADomain.UICluster.default.minmaxmemory.main([u'2014'])
[[INFO]	[JVM Args Test]	[Xms Check]	[COMPARE]]	$..wlsClusters[?(@.clusterName=ServiceCluster)].Xms([2200]) == fusion.FADomain.ServiceCluster.default.minmaxmemory.main([u'2200'])
[[INFO]	[JVM Args Test]	[Xms Check]	[COMPARE]]	$..wlsClusters[?(@.clusterName=MWCluster)].Xms([2800]) == fusion.FADomain.MWCluster.default.minmaxmemory.main([u'2800'])
[[INFO]	[JVM Args Test]	[Xms Check]	[COMPARE]]	$..wlsClusters[?(@.clusterName=ESS_SOACluster)].Xms([2900]) == fusion.FADomain.ESS_SOACluster.default.minmaxmemory.main([u'2900'])
[[INFO]	[JVM Args Test]	[Xms Check]	[COMPARE]]	$..wlsClusters[?(@.clusterName=AdminServer)].Xms([1024]) == fusion.FADomain.AdminServer.default.minmaxmemory.main([u'1024'])
[[INFO]	[JVM Args Test]	[Xms Check]	[COMPARE]]	$..wlsClusters[?(@.clusterName=SingletonCluster)].Xms([256]) == fusion.FADomain.SingletonCluster.default.minmaxmemory.main([u'256'])
[[INFO]	[JVM Args Test]	[Xms Check]	[COMPARE]]	$..wlsClusters[?(@.clusterName=SupplyPlanningEngineCluster)].Xms([512]) == fusion.FADomain.SupplyPlanningEngineCluster.default.minmaxmemory.main([u'512'])
[[INFO]	[JVM Args Test]	[Xms Check]	[COMPARE]]	$..wlsClusters[?(@.clusterName=SEMSearchCluster)].Xms([256]) == fusion.FADomain.SEMSearchCluster.default.minmaxmemory.main([u'256'])
[[INFO]	[JVM Args Test]	[Xms Check]	[COMPARE]]	$..wlsClusters[?(@.clusterName=bip_cluster)].Xms([1024]) == fusion.FADomain.bip_cluster.default.minmaxmemory.main([u'1024'])
[[INFO]	[JVM Args Test]	[Xmx Check]	[COMPARE]]	$..wlsClusters[?(@.clusterName=UICluster)].Xmx([13388]) == fusion.FADomain.UICluster.default.minmaxmemory.main([u'13388'])
[[INFO]	[JVM Args Test]	[Xmx Check]	[COMPARE]]	$..wlsClusters[?(@.clusterName=ServiceCluster)].Xmx([12299]) == fusion.FADomain.ServiceCluster.default.minmaxmemory.main([u'12299'])
[[INFO]	[JVM Args Test]	[Xmx Check]	[COMPARE]]	$..wlsClusters[?(@.clusterName=MWCluster)].Xmx([7899]) == fusion.FADomain.MWCluster.default.minmaxmemory.main([u'7899'])
[[INFO]	[JVM Args Test]	[Xmx Check]	[COMPARE]]	$..wlsClusters[?(@.clusterName=ESS_SOACluster)].Xmx([12399]) == fusion.FADomain.ESS_SOACluster.default.minmaxmemory.main([u'12399'])
[[INFO]	[JVM Args Test]	[Xmx Check]	[COMPARE]]	$..wlsClusters[?(@.clusterName=AdminServer)].Xmx([2700]) == fusion.FADomain.AdminServer.default.minmaxmemory.main([u'2700'])
[[INFO]	[JVM Args Test]	[Xmx Check]	[COMPARE]]	$..wlsClusters[?(@.clusterName=SingletonCluster)].Xmx([8192]) == fusion.FADomain.SingletonCluster.default.minmaxmemory.main([u'8192'])
[[INFO]	[JVM Args Test]	[Xmx Check]	[COMPARE]]	$..wlsClusters[?(@.clusterName=SupplyPlanningEngineCluster)].Xmx([16384]) == fusion.FADomain.SupplyPlanningEngineCluster.default.minmaxmemory.main([u'16384'])
[[INFO]	[JVM Args Test]	[Xmx Check]	[COMPARE]]	$..wlsClusters[?(@.clusterName=SEMSearchCluster)].Xmx([8192]) == fusion.FADomain.SEMSearchCluster.default.minmaxmemory.main([u'8192'])
[[INFO]	[JVM Args Test]	[Xmx Check]	[COMPARE]]	$..wlsClusters[?(@.clusterName=bip_cluster)].Xmx([10240]) == fusion.FADomain.bip_cluster.default.minmaxmemory.main([u'10240'])
[[INFO]	[JVM Args Test]	[Xss Check]	[COMPARE]]	$..wlsClusters[?(@.clusterName=UICluster)].XssInKb([4096]) == fusion.FADomain.UICluster.default.minmaxmemory.main([u'4096'])
[[INFO]	[JVM Args Test]	[Xss Check]	[COMPARE]]	$..wlsClusters[?(@.clusterName=ServiceCluster)].XssInKb([1024]) == fusion.FADomain.ServiceCluster.default.minmaxmemory.main([u'1024'])
[[INFO]	[JVM Args Test]	[Xss Check]	[COMPARE]]	$..wlsClusters[?(@.clusterName=MWCluster)].XssInKb([1024]) == fusion.FADomain.MWCluster.default.minmaxmemory.main([u'1024'])
[[INFO]	[JVM Args Test]	[Xss Check]	[COMPARE]]	$..wlsClusters[?(@.clusterName=ESS_SOACluster)].XssInKb([4096]) == fusion.FADomain.ESS_SOACluster.default.minmaxmemory.main([u'4096'])
[[INFO]	[JVM Args Test]	[Xss Check]	[COMPARE]]	$..wlsClusters[?(@.clusterName=AdminServer)].XssInKb([1024]) == fusion.FADomain.AdminServer.default.minmaxmemory.main([u'1024'])
[[INFO]	[JVM Args Test]	[Xss Check]	[COMPARE]]	$..wlsClusters[?(@.clusterName=SingletonCluster)].XssInKb([1024]) == fusion.FADomain.SingletonCluster.default.minmaxmemory.main([u'1024'])
[[INFO]	[JVM Args Test]	[Xss Check]	[COMPARE]]	$..wlsClusters[?(@.clusterName=SupplyPlanningEngineCluster)].XssInKb([102400]) == fusion.FADomain.SupplyPlanningEngineCluster.default.minmaxmemory.main([u'102400'])
[[INFO]	[JVM Args Test]	[Xss Check]	[COMPARE]]	$..wlsClusters[?(@.clusterName=SEMSearchCluster)].XssInKb([1024]) == fusion.FADomain.SEMSearchCluster.default.minmaxmemory.main([u'1024'])
[[INFO]	[JVM Args Test]	[Xss Check]	[COMPARE]]	$..wlsClusters[?(@.clusterName=bip_cluster)].XssInKb([4096]) == fusion.FADomain.bip_cluster.default.minmaxmemory.main([u'4096'])
[[ERROR]	[JVM Args Test]	[XX:NewRatio Check]	[MISSING PROPERTY]	[metadatas/tests/jvm/source.json]]	No property: '$..wlsClusters[?(@.clusterName=MWCluster)].'XX:NewRatio'' found.
[[ERROR]	[JVM Args Test]	[XX:NewRatio Check]	[MISSING PROPERTY]	[metadatas/tests/jvm/source.json]]	No property: '$..wlsClusters[?(@.clusterName=SingletonCluster)].'XX:NewRatio'' found.
[[ERROR]	[JVM Args Test]	[XX:NewRatio Check]	[MISSING PROPERTY]	[metadatas/tests/jvm/source.json]]	No property: '$..wlsClusters[?(@.clusterName=SupplyPlanningEngineCluster)].'XX:NewRatio'' found.
[[ERROR]	[JVM Args Test]	[XX:NewRatio Check]	[MISSING PROPERTY]	[metadatas/tests/jvm/source.json]]	No property: '$..wlsClusters[?(@.clusterName=SEMSearchCluster)].'XX:NewRatio'' found.
[[ERROR]	[JVM Args Test]	[XX:NewRatio Check]	[MISSING PROPERTY]	[metadatas/tests/jvm/source.json]]	No property: '$..wlsClusters[?(@.clusterName=bip_cluster)].'XX:NewRatio'' found.
[[ERROR]	[JVM Args Test]	[XX:NewRatio Check]	[MISSING PROPERTY]	[metadatas/tests/jvm/target.properties]]	No pattern '-XX:NewRatio={}' in fusion.MWCluster.Linux-x86_64.memoryargs
[[ERROR]	[JVM Args Test]	[XX:NewRatio Check]	[MISSING PROPERTY]	[metadatas/tests/jvm/target.properties]]	No pattern '-XX:NewRatio={}' in fusion.SingletonCluster.Linux-x86_64.memoryargs
[[ERROR]	[JVM Args Test]	[XX:NewRatio Check]	[MISSING PROPERTY]	[metadatas/tests/jvm/target.properties]]	No pattern '-XX:NewRatio={}' in fusion.SupplyPlanningEngineCluster.Linux-x86_64.memoryargs
[[ERROR]	[JVM Args Test]	[XX:NewRatio Check]	[MISSING PROPERTY]	[metadatas/tests/jvm/target.properties]]	No pattern '-XX:NewRatio={}' in fusion.SEMSearchCluster.Linux-x86_64.memoryargs
[[ERROR]	[JVM Args Test]	[XX:NewRatio Check]	[MISSING PROPERTY]	[metadatas/tests/jvm/target.properties]]	No pattern '-XX:NewRatio={}' in fusion.bip_cluster.Linux-x86_64.memoryargs
[[INFO]	[JVM Args Test]	[XX:NewRatio Check]	[COMPARE]]	$..wlsClusters[?(@.clusterName=UICluster)].'XX:NewRatio'([7]) == fusion.UICluster.Linux-x86_64.memoryargs([u'7'])
[[INFO]	[JVM Args Test]	[XX:NewRatio Check]	[COMPARE]]	$..wlsClusters[?(@.clusterName=ServiceCluster)].'XX:NewRatio'([3]) == fusion.ServiceCluster.Linux-x86_64.memoryargs([u'3'])
[[INFO]	[JVM Args Test]	[XX:NewRatio Check]	[COMPARE]]	$..wlsClusters[?(@.clusterName=ESS_SOACluster)].'XX:NewRatio'([3]) == fusion.ESS_SOACluster.Linux-x86_64.memoryargs([u'3'])
[[INFO]	[JVM Args Test]	[XX:NewRatio Check]	[COMPARE]]	$..wlsClusters[?(@.clusterName=AdminServer)].'XX:NewRatio'([7]) == fusion.AdminServer.Linux-x86_64.memoryargs([u'7'])
[[INFO]	[JVM Args Test]	[ParallelGCThreads Check]	[COMPARE]]	$..wlsClusters[?(@.clusterName=UICluster)].'XX:ParallelGCThreads'([10]) == fusion.UICluster.Linux-x86_64.memoryargs([u'10'])
[[INFO]	[JVM Args Test]	[ParallelGCThreads Check]	[COMPARE]]	$..wlsClusters[?(@.clusterName=ServiceCluster)].'XX:ParallelGCThreads'([10]) == fusion.ServiceCluster.Linux-x86_64.memoryargs([u'10'])
[[INFO]	[JVM Args Test]	[ParallelGCThreads Check]	[COMPARE]]	$..wlsClusters[?(@.clusterName=MWCluster)].'XX:ParallelGCThreads'([8]) == fusion.MWCluster.Linux-x86_64.memoryargs([u'8'])
[[INFO]	[JVM Args Test]	[ParallelGCThreads Check]	[COMPARE]]	$..wlsClusters[?(@.clusterName=ESS_SOACluster)].'XX:ParallelGCThreads'([12]) == fusion.ESS_SOACluster.Linux-x86_64.memoryargs([u'12'])
[[INFO]	[JVM Args Test]	[ParallelGCThreads Check]	[COMPARE]]	$..wlsClusters[?(@.clusterName=AdminServer)].'XX:ParallelGCThreads'([10]) == fusion.AdminServer.Linux-x86_64.memoryargs([u'10'])
[[INFO]	[JVM Args Test]	[ParallelGCThreads Check]	[COMPARE]]	$..wlsClusters[?(@.clusterName=SingletonCluster)].'XX:ParallelGCThreads'([4]) == fusion.SingletonCluster.Linux-x86_64.memoryargs([u'4'])
[[INFO]	[JVM Args Test]	[ParallelGCThreads Check]	[COMPARE]]	$..wlsClusters[?(@.clusterName=SupplyPlanningEngineCluster)].'XX:ParallelGCThreads'([8]) == fusion.SupplyPlanningEngineCluster.Linux-x86_64.memoryargs([u'8'])
[[INFO]	[JVM Args Test]	[ParallelGCThreads Check]	[COMPARE]]	$..wlsClusters[?(@.clusterName=SEMSearchCluster)].'XX:ParallelGCThreads'([8]) == fusion.SEMSearchCluster.Linux-x86_64.memoryargs([u'8'])
[[INFO]	[JVM Args Test]	[ParallelGCThreads Check]	[COMPARE]]	$..wlsClusters[?(@.clusterName=bip_cluster)].'XX:ParallelGCThreads'([8]) == fusion.bip_cluster.Linux-x86_64.memoryargs([u'8'])
[[INFO]	[JVM Args Test]	[XX:MaxPermSize check]	[COMPARE]]	$..wlsClusters[?(@.clusterName=UICluster)].'XX:MaxPermSize'([3072]) == fusion.UICluster.Linux-x86_64.memoryargs([u'3072'])
[[INFO]	[JVM Args Test]	[XX:MaxPermSize check]	[COMPARE]]	$..wlsClusters[?(@.clusterName=ServiceCluster)].'XX:MaxPermSize'([3072]) == fusion.ServiceCluster.Linux-x86_64.memoryargs([u'3072'])
[[INFO]	[JVM Args Test]	[XX:MaxPermSize check]	[COMPARE]]	$..wlsClusters[?(@.clusterName=MWCluster)].'XX:MaxPermSize'([3072]) == fusion.MWCluster.Linux-x86_64.memoryargs([u'3072'])
[[INFO]	[JVM Args Test]	[XX:MaxPermSize check]	[COMPARE]]	$..wlsClusters[?(@.clusterName=ESS_SOACluster)].'XX:MaxPermSize'([3072]) == fusion.ESS_SOACluster.Linux-x86_64.memoryargs([u'3072'])
[[INFO]	[JVM Args Test]	[XX:MaxPermSize check]	[COMPARE]]	$..wlsClusters[?(@.clusterName=AdminServer)].'XX:MaxPermSize'([3072]) == fusion.AdminServer.Linux-x86_64.memoryargs([u'3072'])
[[INFO]	[JVM Args Test]	[XX:MaxPermSize check]	[COMPARE]]	$..wlsClusters[?(@.clusterName=SingletonCluster)].'XX:MaxPermSize'([3072]) == fusion.SingletonCluster.Linux-x86_64.memoryargs([u'3072'])
[[INFO]	[JVM Args Test]	[XX:MaxPermSize check]	[COMPARE]]	$..wlsClusters[?(@.clusterName=SupplyPlanningEngineCluster)].'XX:MaxPermSize'([3072]) == fusion.SupplyPlanningEngineCluster.Linux-x86_64.memoryargs([u'3072'])
[[INFO]	[JVM Args Test]	[XX:MaxPermSize check]	[COMPARE]]	$..wlsClusters[?(@.clusterName=SEMSearchCluster)].'XX:MaxPermSize'([3072]) == fusion.SEMSearchCluster.Linux-x86_64.memoryargs([u'3072'])
[[INFO]	[JVM Args Test]	[XX:MaxPermSize check]	[COMPARE]]	$..wlsClusters[?(@.clusterName=bip_cluster)].'XX:MaxPermSize'([3072]) == fusion.bip_cluster.Linux-x86_64.memoryargs([u'3072'])
[[INFO]	[JDBC tuning]	[Max capacity]	[COMPARE]]	$.topology.wlsTunings[?(@.applicationName=ApplicationDB&@.attributeName=MaxCapacity)].value([u'300']) == jdbc-data-source.jdbc-connection-pool-params.max-capacity(['300'])
[[INFO]	[JDBC tuning]	[Max capacity]	[COMPARE]]	$.topology.wlsTunings[?(@.applicationName=ApplicationDBBatch&@.attributeName=MaxCapacity)].value([u'100']) == jdbc-data-source.jdbc-connection-pool-params.max-capacity(['100'])
[[INFO]	[JDBC tuning]	[Max capacity]	[COMPARE]]	$.topology.wlsTunings[?(@.applicationName=ApplicationServiceDB&@.attributeName=MaxCapacity)].value([u'200']) == jdbc-data-source.jdbc-connection-pool-params.max-capacity(['200'])
[[INFO]	[JDBC tuning]	[Max capacity]	[COMPARE]]	$.topology.wlsTunings[?(@.applicationName=fmwDB&@.attributeName=MaxCapacity)].value([u'100']) == jdbc-data-source.jdbc-connection-pool-params.max-capacity(['100'])
[[INFO]	[JDBC tuning]	[Max capacity]	[COMPARE]]	$.topology.wlsTunings[?(@.applicationName=ApplicationDBBI&@.attributeName=MaxCapacity)].value([u'205']) == jdbc-data-source.jdbc-connection-pool-params.max-capacity(['205'])
[[INFO]	[JDBC tuning]	[Max capacity]	[COMPARE]]	$.topology.wlsTunings[?(@.applicationName=bip_datasource&@.attributeName=MaxCapacity)].value([u'200']) == jdbc-data-source.jdbc-connection-pool-params.max-capacity(['200'])
[[ERROR]	[JDBC tuning]	[Min capacity]	[MISSING PROPERTY]	[metadatas/tests/jdbc/source.json]]	No property: '$.topology.wlsTunings[?(@.applicationName=ApplicationDBBatch&@.attributeName=MinCapacity)].value' found.
[[ERROR]	[JDBC tuning]	[Min capacity]	[MISSING PROPERTY]	[metadatas/tests/jdbc/source.json]]	No property: '$.topology.wlsTunings[?(@.applicationName=ApplicationServiceDB&@.attributeName=MinCapacity)].value' found.
[[ERROR]	[JDBC tuning]	[Min capacity]	[MISSING PROPERTY]	[metadatas/tests/jdbc/source.json]]	No property: '$.topology.wlsTunings[?(@.applicationName=ApplicationDBBI&@.attributeName=MinCapacity)].value' found.
[[INFO]	[JDBC tuning]	[Min capacity]	[COMPARE]]	$.topology.wlsTunings[?(@.applicationName=ApplicationDB&@.attributeName=MinCapacity)].value([u'4']) == jdbc-data-source.jdbc-connection-pool-params.min-capacity(['4'])
[[INFO]	[JDBC tuning]	[Min capacity]	[COMPARE]]	$.topology.wlsTunings[?(@.applicationName=fmwDB&@.attributeName=MinCapacity)].value([u'2']) == jdbc-data-source.jdbc-connection-pool-params.min-capacity(['2'])
[[INFO]	[JDBC tuning]	[Min capacity]	[COMPARE]]	$.topology.wlsTunings[?(@.applicationName=bip_datasource&@.attributeName=MinCapacity)].value([u'1']) == jdbc-data-source.jdbc-connection-pool-params.min-capacity(['1'])
[[INFO]	[OHS Test]	[KeepAliveTimeout Check]	[COMPARE]]	$.topology.ohsTunings.KeepAliveTimeout([91]) != $.KeepAliveTimeout(['61'])
[[INFO]	[OHS Test]	[ThreadLimit Check]	[COMPARE]]	$.topology.ohsTunings.ThreadLimit([290]) != $.IfModule..mpm_worker_module..ThreadLimit(['250'])
[[INFO]	[OHS Test]	[ServerLimit Check]	[COMPARE]]	$.topology.ohsTunings.ServerLimit([10]) != $.IfModule..mpm_worker_module..ServerLimit(['4'])
[[INFO]	[OHS Test]	[StartServers Check]	[COMPARE]]	$.topology.ohsTunings.StartServers([2]) == $.IfModule..mpm_worker_module..StartServers(['2'])
[[INFO]	[OHS Test]	[MaxClients Check]	[COMPARE]]	$.topology.ohsTunings.MaxClients([2900]) == $.IfModule..mpm_worker_module..MaxClients(['2900'])
[[INFO]	[OHS Test]	[MinSpareThreads Check]	[COMPARE]]	$.topology.ohsTunings.MinSpareThreads([200]) != $.IfModule..mpm_worker_module..MinSpareThreads(['100'])
[[INFO]	[OHS Test]	[MaxSpareThreads Check]	[COMPARE]]	$.topology.ohsTunings.MaxSpareThreads([800]) != $.IfModule..mpm_worker_module..MaxSpareThreads(['400'])
[[INFO]	[OHS Test]	[ThreadsPerChild Check]	[COMPARE]]	$.topology.ohsTunings.ThreadsPerChild([290]) != $.IfModule..mpm_worker_module..ThreadsPerChild(['250'])
[[INFO]	[OHS Test]	[MaxRequestsPerChild Check]	[COMPARE]]	$.topology.ohsTunings.MaxRequestsPerChild([10000]) == $.IfModule..mpm_worker_module..MaxRequestsPerChild(['10000'])
[[INFO]	[OHS Test]	[AcceptMutex Check]	[COMPARE]]	$.topology.ohsTunings.AcceptMutex([u'fcntl']) == $.IfModule..mpm_worker_module..AcceptMutex(['fcntl'])
[[INFO]	[OHS Test]	[WLSocketTimeoutSecs Check]	[COMPARE]]	$.topology.ohsTunings.WLSocketTimeoutSecs([15]) == $.IfModule..WLSocketTimeoutSecs(['15'])
[[INFO]]	--------------------------------
[[INFO]]	Validation Failed.
[[INFO]]	--------------------------------
